  [1m[35m (303.4ms)[0m  [1m[35mCREATE DATABASE "first_routes_and_controllers_development" ENCODING = 'unicode'[0m
  ↳ bin/rails:9
  [1m[35m (169.4ms)[0m  [1m[35mCREATE DATABASE "first_routes_and_controllers_test" ENCODING = 'unicode'[0m
  ↳ bin/rails:9
  [1m[35m (815.1ms)[0m  [1m[35mCREATE DATABASE "first_routes_and_controllers_development" ENCODING = 'unicode'[0m
  ↳ bin/rails:9
  [1m[35m (67.0ms)[0m  [1m[35mCREATE DATABASE "first_routes_and_controllers_test" ENCODING = 'unicode'[0m
  ↳ bin/rails:9
Started GET "/users" for ::1 at 2021-10-06 17:55:56 -0400
  
AbstractController::ActionNotFound (The action 'index' could not be found for UsersController):
  
actionpack (5.2.6) lib/abstract_controller/base.rb:129:in `process'
actionview (5.2.6) lib/action_view/rendering.rb:32:in `process'
actionpack (5.2.6) lib/action_controller/metal.rb:191:in `dispatch'
actionpack (5.2.6) lib/action_controller/metal.rb:252:in `dispatch'
actionpack (5.2.6) lib/action_dispatch/routing/route_set.rb:52:in `dispatch'
actionpack (5.2.6) lib/action_dispatch/routing/route_set.rb:34:in `serve'
actionpack (5.2.6) lib/action_dispatch/journey/router.rb:52:in `block in serve'
actionpack (5.2.6) lib/action_dispatch/journey/router.rb:35:in `each'
actionpack (5.2.6) lib/action_dispatch/journey/router.rb:35:in `serve'
actionpack (5.2.6) lib/action_dispatch/routing/route_set.rb:840:in `call'
rack (2.2.3) lib/rack/tempfile_reaper.rb:15:in `call'
rack (2.2.3) lib/rack/etag.rb:27:in `call'
rack (2.2.3) lib/rack/conditional_get.rb:27:in `call'
rack (2.2.3) lib/rack/head.rb:12:in `call'
actionpack (5.2.6) lib/action_dispatch/http/content_security_policy.rb:18:in `call'
rack (2.2.3) lib/rack/session/abstract/id.rb:266:in `context'
rack (2.2.3) lib/rack/session/abstract/id.rb:260:in `call'
actionpack (5.2.6) lib/action_dispatch/middleware/cookies.rb:670:in `call'
activerecord (5.2.6) lib/active_record/migration.rb:559:in `call'
actionpack (5.2.6) lib/action_dispatch/middleware/callbacks.rb:28:in `block in call'
activesupport (5.2.6) lib/active_support/callbacks.rb:98:in `run_callbacks'
actionpack (5.2.6) lib/action_dispatch/middleware/callbacks.rb:26:in `call'
actionpack (5.2.6) lib/action_dispatch/middleware/executor.rb:14:in `call'
actionpack (5.2.6) lib/action_dispatch/middleware/debug_exceptions.rb:61:in `call'
web-console (3.7.0) lib/web_console/middleware.rb:135:in `call_app'
web-console (3.7.0) lib/web_console/middleware.rb:30:in `block in call'
web-console (3.7.0) lib/web_console/middleware.rb:20:in `catch'
web-console (3.7.0) lib/web_console/middleware.rb:20:in `call'
actionpack (5.2.6) lib/action_dispatch/middleware/show_exceptions.rb:33:in `call'
railties (5.2.6) lib/rails/rack/logger.rb:38:in `call_app'
railties (5.2.6) lib/rails/rack/logger.rb:26:in `block in call'
activesupport (5.2.6) lib/active_support/tagged_logging.rb:71:in `block in tagged'
activesupport (5.2.6) lib/active_support/tagged_logging.rb:28:in `tagged'
activesupport (5.2.6) lib/active_support/tagged_logging.rb:71:in `tagged'
railties (5.2.6) lib/rails/rack/logger.rb:26:in `call'
sprockets-rails (3.2.2) lib/sprockets/rails/quiet_assets.rb:13:in `call'
actionpack (5.2.6) lib/action_dispatch/middleware/remote_ip.rb:81:in `call'
actionpack (5.2.6) lib/action_dispatch/middleware/request_id.rb:27:in `call'
rack (2.2.3) lib/rack/method_override.rb:24:in `call'
rack (2.2.3) lib/rack/runtime.rb:22:in `call'
activesupport (5.2.6) lib/active_support/cache/strategy/local_cache_middleware.rb:29:in `call'
actionpack (5.2.6) lib/action_dispatch/middleware/executor.rb:14:in `call'
actionpack (5.2.6) lib/action_dispatch/middleware/static.rb:127:in `call'
rack (2.2.3) lib/rack/sendfile.rb:110:in `call'
railties (5.2.6) lib/rails/engine.rb:524:in `call'
puma (3.12.6) lib/puma/configuration.rb:227:in `call'
puma (3.12.6) lib/puma/server.rb:706:in `handle_request'
puma (3.12.6) lib/puma/server.rb:476:in `process_client'
puma (3.12.6) lib/puma/server.rb:334:in `block in run'
puma (3.12.6) lib/puma/thread_pool.rb:135:in `block in spawn_thread'
Started GET "/users" for ::1 at 2021-10-06 17:57:04 -0400
Processing by UsersController#index as */*
No template found for UsersController#index, rendering head :no_content
Completed 204 No Content in 249ms (ActiveRecord: 0.0ms)


Started GET "/users" for ::1 at 2021-10-06 17:58:41 -0400
Processing by UsersController#index as */*
  Rendering text template
  Rendered text template (0.0ms)
Completed 200 OK in 22ms (Views: 21.5ms | ActiveRecord: 0.0ms)


Started GET "/users?food=pizza" for ::1 at 2021-10-06 17:59:58 -0400
Processing by UsersController#index as */*
  Parameters: {"food"=>"pizza"}
  Rendering text template
  Rendered text template (0.0ms)
Completed 200 OK in 1ms (Views: 0.3ms | ActiveRecord: 0.0ms)


Started POST "/users" for ::1 at 2021-10-06 18:01:23 -0400
  
AbstractController::ActionNotFound (The action 'create' could not be found for UsersController):
  
actionpack (5.2.6) lib/abstract_controller/base.rb:129:in `process'
actionview (5.2.6) lib/action_view/rendering.rb:32:in `process'
actionpack (5.2.6) lib/action_controller/metal.rb:191:in `dispatch'
actionpack (5.2.6) lib/action_controller/metal.rb:252:in `dispatch'
actionpack (5.2.6) lib/action_dispatch/routing/route_set.rb:52:in `dispatch'
actionpack (5.2.6) lib/action_dispatch/routing/route_set.rb:34:in `serve'
actionpack (5.2.6) lib/action_dispatch/journey/router.rb:52:in `block in serve'
actionpack (5.2.6) lib/action_dispatch/journey/router.rb:35:in `each'
actionpack (5.2.6) lib/action_dispatch/journey/router.rb:35:in `serve'
actionpack (5.2.6) lib/action_dispatch/routing/route_set.rb:840:in `call'
rack (2.2.3) lib/rack/tempfile_reaper.rb:15:in `call'
rack (2.2.3) lib/rack/etag.rb:27:in `call'
rack (2.2.3) lib/rack/conditional_get.rb:40:in `call'
rack (2.2.3) lib/rack/head.rb:12:in `call'
actionpack (5.2.6) lib/action_dispatch/http/content_security_policy.rb:18:in `call'
rack (2.2.3) lib/rack/session/abstract/id.rb:266:in `context'
rack (2.2.3) lib/rack/session/abstract/id.rb:260:in `call'
actionpack (5.2.6) lib/action_dispatch/middleware/cookies.rb:670:in `call'
activerecord (5.2.6) lib/active_record/migration.rb:559:in `call'
actionpack (5.2.6) lib/action_dispatch/middleware/callbacks.rb:28:in `block in call'
activesupport (5.2.6) lib/active_support/callbacks.rb:98:in `run_callbacks'
actionpack (5.2.6) lib/action_dispatch/middleware/callbacks.rb:26:in `call'
actionpack (5.2.6) lib/action_dispatch/middleware/executor.rb:14:in `call'
actionpack (5.2.6) lib/action_dispatch/middleware/debug_exceptions.rb:61:in `call'
web-console (3.7.0) lib/web_console/middleware.rb:135:in `call_app'
web-console (3.7.0) lib/web_console/middleware.rb:30:in `block in call'
web-console (3.7.0) lib/web_console/middleware.rb:20:in `catch'
web-console (3.7.0) lib/web_console/middleware.rb:20:in `call'
actionpack (5.2.6) lib/action_dispatch/middleware/show_exceptions.rb:33:in `call'
railties (5.2.6) lib/rails/rack/logger.rb:38:in `call_app'
railties (5.2.6) lib/rails/rack/logger.rb:26:in `block in call'
activesupport (5.2.6) lib/active_support/tagged_logging.rb:71:in `block in tagged'
activesupport (5.2.6) lib/active_support/tagged_logging.rb:28:in `tagged'
activesupport (5.2.6) lib/active_support/tagged_logging.rb:71:in `tagged'
railties (5.2.6) lib/rails/rack/logger.rb:26:in `call'
sprockets-rails (3.2.2) lib/sprockets/rails/quiet_assets.rb:13:in `call'
actionpack (5.2.6) lib/action_dispatch/middleware/remote_ip.rb:81:in `call'
actionpack (5.2.6) lib/action_dispatch/middleware/request_id.rb:27:in `call'
rack (2.2.3) lib/rack/method_override.rb:24:in `call'
rack (2.2.3) lib/rack/runtime.rb:22:in `call'
activesupport (5.2.6) lib/active_support/cache/strategy/local_cache_middleware.rb:29:in `call'
actionpack (5.2.6) lib/action_dispatch/middleware/executor.rb:14:in `call'
actionpack (5.2.6) lib/action_dispatch/middleware/static.rb:127:in `call'
rack (2.2.3) lib/rack/sendfile.rb:110:in `call'
railties (5.2.6) lib/rails/engine.rb:524:in `call'
puma (3.12.6) lib/puma/configuration.rb:227:in `call'
puma (3.12.6) lib/puma/server.rb:706:in `handle_request'
puma (3.12.6) lib/puma/server.rb:476:in `process_client'
puma (3.12.6) lib/puma/server.rb:334:in `block in run'
puma (3.12.6) lib/puma/thread_pool.rb:135:in `block in spawn_thread'
Started POST "/users" for ::1 at 2021-10-06 18:02:51 -0400
Processing by UsersController#create as */*
  Parameters: {"food"=>"pizza"}
Completed 200 OK in 1ms (Views: 0.3ms | ActiveRecord: 0.0ms)


Started GET "/users/2" for ::1 at 2021-10-06 18:03:39 -0400
  
AbstractController::ActionNotFound (The action 'show' could not be found for UsersController):
  
actionpack (5.2.6) lib/abstract_controller/base.rb:129:in `process'
actionview (5.2.6) lib/action_view/rendering.rb:32:in `process'
actionpack (5.2.6) lib/action_controller/metal.rb:191:in `dispatch'
actionpack (5.2.6) lib/action_controller/metal.rb:252:in `dispatch'
actionpack (5.2.6) lib/action_dispatch/routing/route_set.rb:52:in `dispatch'
actionpack (5.2.6) lib/action_dispatch/routing/route_set.rb:34:in `serve'
actionpack (5.2.6) lib/action_dispatch/journey/router.rb:52:in `block in serve'
actionpack (5.2.6) lib/action_dispatch/journey/router.rb:35:in `each'
actionpack (5.2.6) lib/action_dispatch/journey/router.rb:35:in `serve'
actionpack (5.2.6) lib/action_dispatch/routing/route_set.rb:840:in `call'
rack (2.2.3) lib/rack/tempfile_reaper.rb:15:in `call'
rack (2.2.3) lib/rack/etag.rb:27:in `call'
rack (2.2.3) lib/rack/conditional_get.rb:27:in `call'
rack (2.2.3) lib/rack/head.rb:12:in `call'
actionpack (5.2.6) lib/action_dispatch/http/content_security_policy.rb:18:in `call'
rack (2.2.3) lib/rack/session/abstract/id.rb:266:in `context'
rack (2.2.3) lib/rack/session/abstract/id.rb:260:in `call'
actionpack (5.2.6) lib/action_dispatch/middleware/cookies.rb:670:in `call'
activerecord (5.2.6) lib/active_record/migration.rb:559:in `call'
actionpack (5.2.6) lib/action_dispatch/middleware/callbacks.rb:28:in `block in call'
activesupport (5.2.6) lib/active_support/callbacks.rb:98:in `run_callbacks'
actionpack (5.2.6) lib/action_dispatch/middleware/callbacks.rb:26:in `call'
actionpack (5.2.6) lib/action_dispatch/middleware/executor.rb:14:in `call'
actionpack (5.2.6) lib/action_dispatch/middleware/debug_exceptions.rb:61:in `call'
web-console (3.7.0) lib/web_console/middleware.rb:135:in `call_app'
web-console (3.7.0) lib/web_console/middleware.rb:30:in `block in call'
web-console (3.7.0) lib/web_console/middleware.rb:20:in `catch'
web-console (3.7.0) lib/web_console/middleware.rb:20:in `call'
actionpack (5.2.6) lib/action_dispatch/middleware/show_exceptions.rb:33:in `call'
railties (5.2.6) lib/rails/rack/logger.rb:38:in `call_app'
railties (5.2.6) lib/rails/rack/logger.rb:26:in `block in call'
activesupport (5.2.6) lib/active_support/tagged_logging.rb:71:in `block in tagged'
activesupport (5.2.6) lib/active_support/tagged_logging.rb:28:in `tagged'
activesupport (5.2.6) lib/active_support/tagged_logging.rb:71:in `tagged'
railties (5.2.6) lib/rails/rack/logger.rb:26:in `call'
sprockets-rails (3.2.2) lib/sprockets/rails/quiet_assets.rb:13:in `call'
actionpack (5.2.6) lib/action_dispatch/middleware/remote_ip.rb:81:in `call'
actionpack (5.2.6) lib/action_dispatch/middleware/request_id.rb:27:in `call'
rack (2.2.3) lib/rack/method_override.rb:24:in `call'
rack (2.2.3) lib/rack/runtime.rb:22:in `call'
activesupport (5.2.6) lib/active_support/cache/strategy/local_cache_middleware.rb:29:in `call'
actionpack (5.2.6) lib/action_dispatch/middleware/executor.rb:14:in `call'
actionpack (5.2.6) lib/action_dispatch/middleware/static.rb:127:in `call'
rack (2.2.3) lib/rack/sendfile.rb:110:in `call'
railties (5.2.6) lib/rails/engine.rb:524:in `call'
puma (3.12.6) lib/puma/configuration.rb:227:in `call'
puma (3.12.6) lib/puma/server.rb:706:in `handle_request'
puma (3.12.6) lib/puma/server.rb:476:in `process_client'
puma (3.12.6) lib/puma/server.rb:334:in `block in run'
puma (3.12.6) lib/puma/thread_pool.rb:135:in `block in spawn_thread'
Started GET "/users/2" for ::1 at 2021-10-06 18:04:00 -0400
Processing by UsersController#show as */*
  Parameters: {"id"=>"2"}
Completed 200 OK in 0ms (Views: 0.1ms | ActiveRecord: 0.0ms)


Started GET "/" for ::1 at 2021-10-06 15:11:58 -0700
Processing by Rails::WelcomeController#index as */*
  Parameters: {"burger"=>{"ingredient"=>"meat", "flavor"=>"delicious", "property"=>{"color"=>"brown"}}, "pizza"=>"dry"}
  Rendering /Users/jh/.rbenv/versions/2.5.1/lib/ruby/gems/2.5.0/gems/railties-5.2.6/lib/rails/templates/rails/welcome/index.html.erb
  Rendered /Users/jh/.rbenv/versions/2.5.1/lib/ruby/gems/2.5.0/gems/railties-5.2.6/lib/rails/templates/rails/welcome/index.html.erb (12.1ms)
Completed 200 OK in 230ms (Views: 114.0ms | ActiveRecord: 0.0ms)


Started POST "/1" for ::1 at 2021-10-06 15:14:50 -0700
  
ActionController::RoutingError (No route matches [POST] "/1"):
  
actionpack (5.2.6) lib/action_dispatch/middleware/debug_exceptions.rb:65:in `call'
web-console (3.7.0) lib/web_console/middleware.rb:135:in `call_app'
web-console (3.7.0) lib/web_console/middleware.rb:30:in `block in call'
web-console (3.7.0) lib/web_console/middleware.rb:20:in `catch'
web-console (3.7.0) lib/web_console/middleware.rb:20:in `call'
actionpack (5.2.6) lib/action_dispatch/middleware/show_exceptions.rb:33:in `call'
railties (5.2.6) lib/rails/rack/logger.rb:38:in `call_app'
railties (5.2.6) lib/rails/rack/logger.rb:26:in `block in call'
activesupport (5.2.6) lib/active_support/tagged_logging.rb:71:in `block in tagged'
activesupport (5.2.6) lib/active_support/tagged_logging.rb:28:in `tagged'
activesupport (5.2.6) lib/active_support/tagged_logging.rb:71:in `tagged'
railties (5.2.6) lib/rails/rack/logger.rb:26:in `call'
sprockets-rails (3.2.2) lib/sprockets/rails/quiet_assets.rb:13:in `call'
actionpack (5.2.6) lib/action_dispatch/middleware/remote_ip.rb:81:in `call'
actionpack (5.2.6) lib/action_dispatch/middleware/request_id.rb:27:in `call'
rack (2.2.3) lib/rack/method_override.rb:24:in `call'
rack (2.2.3) lib/rack/runtime.rb:22:in `call'
activesupport (5.2.6) lib/active_support/cache/strategy/local_cache_middleware.rb:29:in `call'
actionpack (5.2.6) lib/action_dispatch/middleware/executor.rb:14:in `call'
actionpack (5.2.6) lib/action_dispatch/middleware/static.rb:127:in `call'
rack (2.2.3) lib/rack/sendfile.rb:110:in `call'
railties (5.2.6) lib/rails/engine.rb:524:in `call'
puma (3.12.6) lib/puma/configuration.rb:227:in `call'
puma (3.12.6) lib/puma/server.rb:706:in `handle_request'
puma (3.12.6) lib/puma/server.rb:476:in `process_client'
puma (3.12.6) lib/puma/server.rb:334:in `block in run'
puma (3.12.6) lib/puma/thread_pool.rb:135:in `block in spawn_thread'
Started POST "/users" for ::1 at 2021-10-06 15:15:11 -0700
Processing by UsersController#create as */*
  Parameters: {"burger"=>{"ingredient"=>"meat", "flavor"=>"delicious", "property"=>{"color"=>"brown"}}, "pizza"=>"dry"}
Completed 200 OK in 1ms (Views: 0.4ms | ActiveRecord: 0.0ms)


Started POST "/users" for ::1 at 2021-10-06 15:15:14 -0700
Processing by UsersController#create as */*
  Parameters: {"burger"=>{"ingredient"=>"meat", "flavor"=>"delicious", "property"=>{"color"=>"brown"}}, "pizza"=>"dry"}
Completed 200 OK in 3ms (Views: 2.0ms | ActiveRecord: 0.0ms)


  [1m[35m (31.0ms)[0m  [1m[35mCREATE TABLE "schema_migrations" ("version" character varying NOT NULL PRIMARY KEY)[0m
  ↳ bin/rails:9
  [1m[35m (44.7ms)[0m  [1m[35mCREATE TABLE "ar_internal_metadata" ("key" character varying NOT NULL PRIMARY KEY, "value" character varying, "created_at" timestamp NOT NULL, "updated_at" timestamp NOT NULL)[0m
  ↳ bin/rails:9
  [1m[35m (0.4ms)[0m  [1m[34mSELECT pg_try_advisory_lock(2711202859307440470)[0m
  ↳ bin/rails:9
  [1m[35m (1.0ms)[0m  [1m[34mSELECT "schema_migrations"."version" FROM "schema_migrations" ORDER BY "schema_migrations"."version" ASC[0m
  ↳ bin/rails:9
Migrating to CreateUsers (20211006221813)
  [1m[35m (0.2ms)[0m  [1m[35mBEGIN[0m
  ↳ bin/rails:9
  [1m[35m (50.0ms)[0m  [1m[35mCREATE TABLE "users" ("id" bigserial primary key, "name" character varying NOT NULL, "email" character varying NOT NULL, "created_at" timestamp NOT NULL, "updated_at" timestamp NOT NULL)[0m
  ↳ db/migrate/20211006221813_create_users.rb:3
  [1m[36mActiveRecord::SchemaMigration Create (1.2ms)[0m  [1m[32mINSERT INTO "schema_migrations" ("version") VALUES ($1) RETURNING "version"[0m  [["version", "20211006221813"]]
  ↳ bin/rails:9
  [1m[35m (0.5ms)[0m  [1m[35mCOMMIT[0m
  ↳ bin/rails:9
  [1m[36mActiveRecord::InternalMetadata Load (1.1ms)[0m  [1m[34mSELECT  "ar_internal_metadata".* FROM "ar_internal_metadata" WHERE "ar_internal_metadata"."key" = $1 LIMIT $2[0m  [["key", "environment"], ["LIMIT", 1]]
  ↳ bin/rails:9
  [1m[35m (0.3ms)[0m  [1m[35mBEGIN[0m
  ↳ bin/rails:9
  [1m[36mActiveRecord::InternalMetadata Create (0.7ms)[0m  [1m[32mINSERT INTO "ar_internal_metadata" ("key", "value", "created_at", "updated_at") VALUES ($1, $2, $3, $4) RETURNING "key"[0m  [["key", "environment"], ["value", "development"], ["created_at", "2021-10-06 22:19:15.529711"], ["updated_at", "2021-10-06 22:19:15.529711"]]
  ↳ bin/rails:9
  [1m[35m (41.0ms)[0m  [1m[35mCOMMIT[0m
  ↳ bin/rails:9
  [1m[35m (0.4ms)[0m  [1m[34mSELECT pg_advisory_unlock(2711202859307440470)[0m
  ↳ bin/rails:9
  [1m[35m (0.5ms)[0m  [1m[34mSELECT "schema_migrations"."version" FROM "schema_migrations" ORDER BY "schema_migrations"."version" ASC[0m
  ↳ bin/rails:9
  [1m[35m (1.2ms)[0m  [1m[34mSELECT "schema_migrations"."version" FROM "schema_migrations" ORDER BY "schema_migrations"."version" ASC[0m
  ↳ /Users/jh/.rbenv/versions/2.5.1/bin/annotate:23
Started GET "/users" for ::1 at 2021-10-06 15:24:50 -0700
  [1m[35m (13.3ms)[0m  [1m[34mSELECT "schema_migrations"."version" FROM "schema_migrations" ORDER BY "schema_migrations"."version" ASC[0m
  ↳ /Users/jh/.rbenv/versions/2.5.1/lib/ruby/gems/2.5.0/gems/activerecord-5.2.6/lib/active_record/log_subscriber.rb:98
Processing by UsersController#index as */*
  [1m[36mUser Load (55.5ms)[0m  [1m[34mSELECT "users".* FROM "users"[0m
  ↳ app/controllers/users_controller.rb:5
Completed 200 OK in 87ms (Views: 6.0ms | ActiveRecord: 66.4ms)


