  [1m[35m (0.7ms)[0m  [1m[35mCREATE DATABASE "URLShortener_development" ENCODING = 'unicode'[0m
  ↳ bin/rails:9
  [1m[35m (0.8ms)[0m  [1m[35mCREATE DATABASE "URLShortener_test" ENCODING = 'unicode'[0m
  ↳ bin/rails:9
  [1m[35m (1.7ms)[0m  [1m[35mCREATE DATABASE "URLShortener_development" ENCODING = 'unicode'[0m
  ↳ bin/rails:9
  [1m[35m (1.9ms)[0m  [1m[35mCREATE DATABASE "URLShortener_test" ENCODING = 'unicode'[0m
  ↳ bin/rails:9
  [1m[35m (0.6ms)[0m  [1m[34mSELECT "schema_migrations"."version" FROM "schema_migrations" ORDER BY "schema_migrations"."version" ASC[0m
  ↳ bin/rails:9
  [1m[35m (0.3ms)[0m  [1m[34mSELECT "ar_internal_metadata"."value" FROM "ar_internal_metadata" WHERE "ar_internal_metadata"."key" = $1[0m  [["key", "environment"]]
  ↳ bin/rails:9
  [1m[35m (0.2ms)[0m  [1m[34mSELECT "schema_migrations"."version" FROM "schema_migrations" ORDER BY "schema_migrations"."version" ASC[0m
  ↳ bin/rails:9
  [1m[35m (0.3ms)[0m  [1m[34mSELECT "ar_internal_metadata"."value" FROM "ar_internal_metadata" WHERE "ar_internal_metadata"."key" = $1[0m  [["key", "environment"]]
  ↳ bin/rails:9
  [1m[35m (0.5ms)[0m  [1m[34mSELECT "schema_migrations"."version" FROM "schema_migrations" ORDER BY "schema_migrations"."version" ASC[0m
  ↳ bin/rails:9
  [1m[35m (0.3ms)[0m  [1m[34mSELECT "ar_internal_metadata"."value" FROM "ar_internal_metadata" WHERE "ar_internal_metadata"."key" = $1[0m  [["key", "environment"]]
  ↳ bin/rails:9
  [1m[35m (1222.2ms)[0m  [1m[35mCREATE DATABASE "URLShortener_development" ENCODING = 'unicode'[0m
  ↳ bin/rails:9
  [1m[35m (1657.5ms)[0m  [1m[35mCREATE DATABASE "URLShortener_test" ENCODING = 'unicode'[0m
  ↳ bin/rails:9
  [1m[35m (149.1ms)[0m  [1m[35mCREATE DATABASE "URLShortener_development" ENCODING = 'unicode'[0m
  ↳ bin/rails:9
  [1m[35m (171.9ms)[0m  [1m[35mCREATE DATABASE "URLShortener_test" ENCODING = 'unicode'[0m
  ↳ bin/rails:9
  [1m[35m (18.4ms)[0m  [1m[35mCREATE TABLE "schema_migrations" ("version" character varying NOT NULL PRIMARY KEY)[0m
  ↳ bin/rails:9
  [1m[35m (46.6ms)[0m  [1m[35mCREATE TABLE "ar_internal_metadata" ("key" character varying NOT NULL PRIMARY KEY, "value" character varying, "created_at" timestamp NOT NULL, "updated_at" timestamp NOT NULL)[0m
  ↳ bin/rails:9
  [1m[35m (0.5ms)[0m  [1m[34mSELECT pg_try_advisory_lock(4762635147840476445)[0m
  ↳ bin/rails:9
  [1m[35m (1.1ms)[0m  [1m[34mSELECT "schema_migrations"."version" FROM "schema_migrations" ORDER BY "schema_migrations"."version" ASC[0m
  ↳ bin/rails:9
Migrating to CreateUsers (20211001003454)
  [1m[35m (0.2ms)[0m  [1m[35mBEGIN[0m
  ↳ bin/rails:9
  [1m[35m (61.0ms)[0m  [1m[35mCREATE TABLE "users" ("id" bigserial primary key, "email" character varying NOT NULL, "created_at" timestamp NOT NULL, "updated_at" timestamp NOT NULL)[0m
  ↳ db/migrate/20211001003454_create_users.rb:3
  [1m[36mActiveRecord::SchemaMigration Create (1.2ms)[0m  [1m[32mINSERT INTO "schema_migrations" ("version") VALUES ($1) RETURNING "version"[0m  [["version", "20211001003454"]]
  ↳ bin/rails:9
  [1m[35m (0.5ms)[0m  [1m[35mCOMMIT[0m
  ↳ bin/rails:9
Migrating to CreateShortenedUrls (20211001003706)
  [1m[35m (0.3ms)[0m  [1m[35mBEGIN[0m
  ↳ bin/rails:9
  [1m[35m (8.2ms)[0m  [1m[35mCREATE TABLE "shortened_urls" ("id" bigserial primary key, "long_url" character varying NOT NULL, "short_url" character varying NOT NULL, "user_id" integer NOT NULL, "created_at" timestamp NOT NULL, "updated_at" timestamp NOT NULL)[0m
  ↳ db/migrate/20211001003706_create_shortened_urls.rb:3
  [1m[35m (3.4ms)[0m  [1m[35mCREATE UNIQUE INDEX  "index_shortened_urls_on_long_url_and_short_url" ON "shortened_urls"  ("long_url", "short_url")[0m
  ↳ db/migrate/20211001003706_create_shortened_urls.rb:9
  [1m[36mActiveRecord::SchemaMigration Create (22.3ms)[0m  [1m[32mINSERT INTO "schema_migrations" ("version") VALUES ($1) RETURNING "version"[0m  [["version", "20211001003706"]]
  ↳ bin/rails:9
  [1m[35m (6.8ms)[0m  [1m[35mCOMMIT[0m
  ↳ bin/rails:9
  [1m[36mActiveRecord::InternalMetadata Load (1.5ms)[0m  [1m[34mSELECT  "ar_internal_metadata".* FROM "ar_internal_metadata" WHERE "ar_internal_metadata"."key" = $1 LIMIT $2[0m  [["key", "environment"], ["LIMIT", 1]]
  ↳ bin/rails:9
  [1m[35m (0.3ms)[0m  [1m[35mBEGIN[0m
  ↳ bin/rails:9
  [1m[36mActiveRecord::InternalMetadata Create (0.7ms)[0m  [1m[32mINSERT INTO "ar_internal_metadata" ("key", "value", "created_at", "updated_at") VALUES ($1, $2, $3, $4) RETURNING "key"[0m  [["key", "environment"], ["value", "development"], ["created_at", "2021-10-01 00:50:28.056095"], ["updated_at", "2021-10-01 00:50:28.056095"]]
  ↳ bin/rails:9
  [1m[35m (39.8ms)[0m  [1m[35mCOMMIT[0m
  ↳ bin/rails:9
  [1m[35m (4.4ms)[0m  [1m[34mSELECT pg_advisory_unlock(4762635147840476445)[0m
  ↳ bin/rails:9
  [1m[35m (0.5ms)[0m  [1m[34mSELECT "schema_migrations"."version" FROM "schema_migrations" ORDER BY "schema_migrations"."version" ASC[0m
  ↳ bin/rails:9
  [1m[35m (2.5ms)[0m  [1m[34mSELECT "schema_migrations"."version" FROM "schema_migrations" ORDER BY "schema_migrations"."version" ASC[0m
  ↳ bin/rails:9
  [1m[35m (1.1ms)[0m  [1m[34mSELECT "schema_migrations"."version" FROM "schema_migrations" ORDER BY "schema_migrations"."version" ASC[0m
  ↳ /Users/jh/.rbenv/versions/2.5.1/bin/annotate:23
  [1m[35m (1.0ms)[0m  [1m[34mSELECT "schema_migrations"."version" FROM "schema_migrations" ORDER BY "schema_migrations"."version" ASC[0m
  ↳ /Users/jh/.rbenv/versions/2.5.1/bin/annotate:23
  [1m[35m (1.1ms)[0m  [1m[34mSELECT "schema_migrations"."version" FROM "schema_migrations" ORDER BY "schema_migrations"."version" ASC[0m
  ↳ /Users/jh/.rbenv/versions/2.5.1/bin/annotate:23
